[debug] [2022-02-18T07:30:17.166Z] ----------------------------------------------------------------------
[debug] [2022-02-18T07:30:17.167Z] Command:       C:\Program Files\nodejs\node.exe C:\Users\USER\AppData\Roaming\npm\node_modules\firebase-tools\lib\bin\firebase.js init
[debug] [2022-02-18T07:30:17.168Z] CLI Version:   10.2.1
[debug] [2022-02-18T07:30:17.168Z] Platform:      win32
[debug] [2022-02-18T07:30:17.168Z] Node Version:  v16.13.1
[debug] [2022-02-18T07:30:17.169Z] Time:          Fri Feb 18 2022 15:30:17 GMT+0800 (台北標準時間)
[debug] [2022-02-18T07:30:17.169Z] ----------------------------------------------------------------------
[debug] 
[debug] [2022-02-18T07:30:17.237Z] > command requires scopes: ["email","openid","https://www.googleapis.com/auth/cloudplatformprojects.readonly","https://www.googleapis.com/auth/firebase","https://www.googleapis.com/auth/cloud-platform"]
[debug] [2022-02-18T07:30:17.238Z] > authorizing via signed-in user (x12908@gmail.com)
[info] 
     ######## #### ########  ######## ########     ###     ######  ########
     ##        ##  ##     ## ##       ##     ##  ##   ##  ##       ##
     ######    ##  ########  ######   ########  #########  ######  ######
     ##        ##  ##    ##  ##       ##     ## ##     ##       ## ##
     ##       #### ##     ## ######## ########  ##     ##  ######  ########

You're about to initialize a Firebase project in this directory:

  D:\RWD\wasateam

Before we get started, keep in mind:

  * You are initializing within an existing Firebase project directory

[info] 
=== Project Setup
[info] 
[info] First, let's associate this project directory with a Firebase project.
[info] You can create multiple project aliases by running firebase use --add, 
[info] but for now we'll just set up a default project.
[info] 
[debug] [2022-02-18T07:30:20.897Z] Using project from CLI flag: wasateam-test-68de8
[debug] [2022-02-18T07:30:20.899Z] >>> [apiv2][query] GET https://firebase.googleapis.com/v1beta1/projects/wasateam-test-68de8 [none]
[debug] [2022-02-18T07:30:21.131Z] <<< [apiv2][status] GET https://firebase.googleapis.com/v1beta1/projects/wasateam-test-68de8 200
[debug] [2022-02-18T07:30:21.131Z] <<< [apiv2][body] GET https://firebase.googleapis.com/v1beta1/projects/wasateam-test-68de8 {"projectId":"wasateam-test-68de8","projectNumber":"394621528857","displayName":"wasateam-test","name":"projects/wasateam-test-68de8","resources":{"hostingSite":"wasateam-test-68de8","realtimeDatabaseInstance":"wasateam-test-68de8-default-rtdb"},"state":"ACTIVE"}
[info] i  Using project wasateam-test-68de8 (wasateam-test) 
[info] 
=== Hosting Setup
[info] 
[info] Your public directory is the folder (relative to your project directory) that
[info] will contain Hosting assets to be uploaded with firebase deploy. If you
[info] have a build process for your assets, use your build's output directory.
[info] 
[debug] [2022-02-18T09:20:55.585Z] ----------------------------------------------------------------------
[debug] [2022-02-18T09:20:55.587Z] Command:       C:\Program Files\nodejs\node.exe C:\Users\USER\AppData\Roaming\npm\node_modules\firebase-tools\lib\bin\firebase.js init
[debug] [2022-02-18T09:20:55.588Z] CLI Version:   10.2.1
[debug] [2022-02-18T09:20:55.588Z] Platform:      win32
[debug] [2022-02-18T09:20:55.588Z] Node Version:  v16.13.1
[debug] [2022-02-18T09:20:55.589Z] Time:          Fri Feb 18 2022 17:20:55 GMT+0800 (台北標準時間)
[debug] [2022-02-18T09:20:55.590Z] ----------------------------------------------------------------------
[debug] 
[debug] [2022-02-18T09:20:55.701Z] > command requires scopes: ["email","openid","https://www.googleapis.com/auth/cloudplatformprojects.readonly","https://www.googleapis.com/auth/firebase","https://www.googleapis.com/auth/cloud-platform"]
[debug] [2022-02-18T09:20:55.701Z] > authorizing via signed-in user (x12908@gmail.com)
[info] 
     ######## #### ########  ######## ########     ###     ######  ########
     ##        ##  ##     ## ##       ##     ##  ##   ##  ##       ##
     ######    ##  ########  ######   ########  #########  ######  ######
     ##        ##  ##    ##  ##       ##     ## ##     ##       ## ##
     ##       #### ##     ## ######## ########  ##     ##  ######  ########

You're about to initialize a Firebase project in this directory:

  D:\RWD\wasateam

Before we get started, keep in mind:

  * You are initializing within an existing Firebase project directory

[info] 
=== Project Setup
[info] 
[info] First, let's associate this project directory with a Firebase project.
[info] You can create multiple project aliases by running firebase use --add, 
[info] but for now we'll just set up a default project.
[info] 
[debug] [2022-02-18T09:21:34.661Z] Using project from CLI flag: wasateam-test-68de8
[debug] [2022-02-18T09:21:34.663Z] > refreshing access token with scopes: []
[debug] [2022-02-18T09:21:34.663Z] >>> HTTP REQUEST POST https://www.googleapis.com/oauth2/v3/token  
 <request body omitted>
[debug] [2022-02-18T09:21:34.739Z] <<< HTTP RESPONSE 200 {"expires":"Mon, 01 Jan 1990 00:00:00 GMT","cache-control":"no-cache, no-store, max-age=0, must-revalidate","pragma":"no-cache","date":"Fri, 18 Feb 2022 09:21:35 GMT","content-type":"application/json; charset=utf-8","vary":"X-Origin, Referer, Origin,Accept-Encoding","server":"scaffolding on HTTPServer2","x-xss-protection":"0","x-frame-options":"SAMEORIGIN","x-content-type-options":"nosniff","alt-svc":"h3=\":443\"; ma=2592000,h3-29=\":443\"; ma=2592000,h3-Q050=\":443\"; ma=2592000,h3-Q046=\":443\"; ma=2592000,h3-Q043=\":443\"; ma=2592000,quic=\":443\"; ma=2592000; v=\"46,43\"","accept-ranges":"none","transfer-encoding":"chunked"}
[debug] [2022-02-18T09:21:34.760Z] >>> [apiv2][query] GET https://firebase.googleapis.com/v1beta1/projects/wasateam-test-68de8 [none]
[debug] [2022-02-18T09:21:35.033Z] <<< [apiv2][status] GET https://firebase.googleapis.com/v1beta1/projects/wasateam-test-68de8 200
[debug] [2022-02-18T09:21:35.033Z] <<< [apiv2][body] GET https://firebase.googleapis.com/v1beta1/projects/wasateam-test-68de8 {"projectId":"wasateam-test-68de8","projectNumber":"394621528857","displayName":"wasateam-test","name":"projects/wasateam-test-68de8","resources":{"hostingSite":"wasateam-test-68de8","realtimeDatabaseInstance":"wasateam-test-68de8-default-rtdb"},"state":"ACTIVE"}
[info] i  Using project wasateam-test-68de8 (wasateam-test) 
[info] 
=== Hosting Setup
[info] 
[info] Your public directory is the folder (relative to your project directory) that
[info] will contain Hosting assets to be uploaded with firebase deploy. If you
[info] have a build process for your assets, use your build's output directory.
[info] 
[info] +  Wrote dist/404.html 
[debug] [2022-02-18T09:22:32.957Z] >>> [apiv2][query] GET https://www.gstatic.com/firebasejs/releases.json [none]
[debug] [2022-02-18T09:22:32.978Z] <<< [apiv2][status] GET https://www.gstatic.com/firebasejs/releases.json 200
[debug] [2022-02-18T09:22:32.979Z] <<< [apiv2][body] GET https://www.gstatic.com/firebasejs/releases.json {"current":{"version":"9.6.7","browserURL":"https://www.gstatic.com/firebasejs/9.6.7/firebase.js","packageURL":"https://www.gstatic.com/firebasejs/9.6.7/firebase.tgz"},"live":{"version":"9.6","browserURL":"https://www.gstatic.com/firebasejs/live/9.6/firebase.js","packageURL":"https://www.gstatic.com/firebasejs/live/9.6/firebase.tgz"},"components":{"analytics":"https://www.gstatic.com/firebasejs/9.6.7/firebase-analytics.js","app":"https://www.gstatic.com/firebasejs/9.6.7/firebase-app.js","app-check":"https://www.gstatic.com/firebasejs/9.6.7/firebase-app-check.js","auth":"https://www.gstatic.com/firebasejs/9.6.7/firebase-auth.js","auth/cordova":"https://www.gstatic.com/firebasejs/9.6.7/firebase-auth/cordova.js","auth/react-native":"https://www.gstatic.com/firebasejs/9.6.7/firebase-auth/react-native.js","functions":"https://www.gstatic.com/firebasejs/9.6.7/firebase-functions.js","firestore":"https://www.gstatic.com/firebasejs/9.6.7/firebase-firestore.js","firestore/lite":"https://www.gstatic.com/firebasejs/9.6.7/firebase-firestore/lite.js","storage":"https://www.gstatic.com/firebasejs/9.6.7/firebase-storage.js","performance":"https://www.gstatic.com/firebasejs/9.6.7/firebase-performance.js","remote-config":"https://www.gstatic.com/firebasejs/9.6.7/firebase-remote-config.js","messaging":"https://www.gstatic.com/firebasejs/9.6.7/firebase-messaging.js","messaging/sw":"https://www.gstatic.com/firebasejs/9.6.7/firebase-messaging/sw.js","database":"https://www.gstatic.com/firebasejs/9.6.7/firebase-database.js","firestore.memory":"https://www.gstatic.com/firebasejs/9.6.7/firebase-firestore.memory.js"}}
[info] +  Wrote dist/index.html 
[info] 
[info] i  Detected a .git folder at D:\RWD 
[info] i  Authorizing with GitHub to upload your service account to a GitHub repository's secrets store. 
[info] 
[info] Visit this URL on this device to log in:
[info] https://github.com/login/oauth/authorize?client_id=89cf50f02ac6aaed3484&state=615345878&redirect_uri=http%3A%2F%2Flocalhost%3A9005&scope=read%3Auser%20repo%20public_repo
[info] 
[info] Waiting for authentication...
[debug] [2022-02-18T09:22:47.136Z] >>> HTTP REQUEST POST https://github.com/login/oauth/access_token  
 {"client_id":"89cf50f02ac6aaed3484","client_secret":"3330d14abc895d9a74d5f17cd7a00711fa2c5bf0","code":"490dc2c4bdbb47d0a8a6","redirect_uri":"http://localhost:9005","state":"615345878"}
[debug] [2022-02-18T09:22:47.968Z] <<< HTTP RESPONSE 200 {"server":"GitHub.com","date":"Fri, 18 Feb 2022 09:22:48 GMT","content-type":"application/json; charset=utf-8","transfer-encoding":"chunked","vary":"X-PJAX, X-PJAX-Container, Accept-Encoding, Accept, X-Requested-With","permissions-policy":"interest-cohort=()","etag":"W/\"f75175a7bc89b25cd0fb7a57d9ee6cc3\"","cache-control":"max-age=0, private, must-revalidate","strict-transport-security":"max-age=31536000; includeSubdomains; preload","x-frame-options":"deny","x-content-type-options":"nosniff","x-xss-protection":"0","referrer-policy":"origin-when-cross-origin, strict-origin-when-cross-origin","expect-ct":"max-age=2592000, report-uri=\"https://api.github.com/_private/browser/errors\"","content-security-policy":"default-src 'none'; base-uri 'self'; block-all-mixed-content; child-src github.com/assets-cdn/worker/ gist.github.com/assets-cdn/worker/; connect-src 'self' uploads.github.com objects-origin.githubusercontent.com www.githubstatus.com collector.githubapp.com collector.github.com api.github.com github-cloud.s3.amazonaws.com github-production-repository-file-5c1aeb.s3.amazonaws.com github-production-upload-manifest-file-7fdce7.s3.amazonaws.com github-production-user-asset-6210df.s3.amazonaws.com cdn.optimizely.com logx.optimizely.com/v1/events translator.github.com wss://alive.github.com; font-src github.githubassets.com; form-action 'self' github.com gist.github.com objects-origin.githubusercontent.com; frame-ancestors 'none'; frame-src render.githubusercontent.com viewscreen.githubusercontent.com notebooks.githubusercontent.com; img-src 'self' data: github.githubassets.com identicons.github.com collector.githubapp.com collector.github.com github-cloud.s3.amazonaws.com secured-user-images.githubusercontent.com/ *.githubusercontent.com; manifest-src 'self'; media-src github.com user-images.githubusercontent.com/; script-src github.githubassets.com; style-src 'unsafe-inline' github.githubassets.com; worker-src github.com/assets-cdn/worker/ gist.github.com/assets-cdn/worker/","x-github-request-id":"31E9:2C27:4ABB8:60825:620F6567"}
[debug] [2022-02-18T09:22:47.977Z] >>> [apiv2][query] GET https://api.github.com/user [none]
[debug] [2022-02-18T09:22:48.317Z] <<< [apiv2][status] GET https://api.github.com/user 200
[debug] [2022-02-18T09:22:48.317Z] <<< [apiv2][body] GET https://api.github.com/user {"login":"Biastroll","id":76898381,"node_id":"MDQ6VXNlcjc2ODk4Mzgx","avatar_url":"https://avatars.githubusercontent.com/u/76898381?v=4","gravatar_id":"","url":"https://api.github.com/users/Biastroll","html_url":"https://github.com/Biastroll","followers_url":"https://api.github.com/users/Biastroll/followers","following_url":"https://api.github.com/users/Biastroll/following{/other_user}","gists_url":"https://api.github.com/users/Biastroll/gists{/gist_id}","starred_url":"https://api.github.com/users/Biastroll/starred{/owner}{/repo}","subscriptions_url":"https://api.github.com/users/Biastroll/subscriptions","organizations_url":"https://api.github.com/users/Biastroll/orgs","repos_url":"https://api.github.com/users/Biastroll/repos","events_url":"https://api.github.com/users/Biastroll/events{/privacy}","received_events_url":"https://api.github.com/users/Biastroll/received_events","type":"User","site_admin":false,"name":null,"company":null,"blog":"","location":null,"email":null,"hireable":null,"bio":null,"twitter_username":null,"public_repos":6,"public_gists":0,"followers":0,"following":0,"created_at":"2021-01-03T07:54:10Z","updated_at":"2022-01-14T14:54:41Z","private_gists":0,"total_private_repos":0,"owned_private_repos":0,"disk_usage":18647,"collaborators":0,"two_factor_authentication":false,"plan":{"name":"free","space":976562499,"collaborators":0,"private_repos":10000}}
[info] 
[info] +  Success! Logged into GitHub as Biastroll 
[info] 
[debug] [2022-02-18T09:23:17.294Z] >>> [apiv2][query] GET https://api.github.com/repos//actions/secrets/public-key type=owner
[debug] [2022-02-18T09:23:17.588Z] <<< [apiv2][status] GET https://api.github.com/repos//actions/secrets/public-key 404
[debug] [2022-02-18T09:23:17.588Z] <<< [apiv2][body] GET https://api.github.com/repos//actions/secrets/public-key {"message":"Not Found","documentation_url":"https://docs.github.com/rest"}
[debug] [2022-02-18T09:24:30.258Z] >>> [apiv2][query] GET https://api.github.com/repos/Biastroll/WasaTeam/actions/secrets/public-key type=owner
[debug] [2022-02-18T09:24:30.616Z] <<< [apiv2][status] GET https://api.github.com/repos/Biastroll/WasaTeam/actions/secrets/public-key 404
[debug] [2022-02-18T09:24:30.616Z] <<< [apiv2][body] GET https://api.github.com/repos/Biastroll/WasaTeam/actions/secrets/public-key {"message":"Not Found","documentation_url":"https://docs.github.com/rest/reference/actions#get-a-repository-public-key"}
